<?xml version="1.0" encoding="UTF-8"?>
<testsuite name="com.deskgoblin.model.entities.PatientTest" tests="5" skipped="0" failures="0" errors="0" timestamp="2026-08-05T03:01:42" hostname="DESKTOP-FE9UO8M" time="0.006">
  <properties/>
  <testcase name="testCompareToEqual()" classname="com.deskgoblin.model.entities.PatientTest" time="0.001"/>
  <testcase name="testConstructorAndGetters()" classname="com.deskgoblin.model.entities.PatientTest" time="0.0"/>
  <testcase name="testCompareToLessThan()" classname="com.deskgoblin.model.entities.PatientTest" time="0.001"/>
  <testcase name="testCompareToGreaterThan()" classname="com.deskgoblin.model.entities.PatientTest" time="0.0"/>
  <testcase name="testToStringFormat()" classname="com.deskgoblin.model.entities.PatientTest" time="0.003"/>
  <system-out><![CDATA[]]></system-out>
  <system-err><![CDATA[]]></system-err>
</testsuite>
