<?xml version="1.0" encoding="UTF-8"?>
<testsuite name="com.deskgoblin.model.datastructures.SinglyLinkedListTest" tests="10" skipped="0" failures="0" errors="0" timestamp="2026-08-05T03:01:42" hostname="DESKTOP-FE9UO8M" time="0.007">
  <properties/>
  <testcase name="testSizeAndIsEmpty()" classname="com.deskgoblin.model.datastructures.SinglyLinkedListTest" time="0.001"/>
  <testcase name="testPushBackAndPeek()" classname="com.deskgoblin.model.datastructures.SinglyLinkedListTest" time="0.0"/>
  <testcase name="testPopFrontSingleElement()" classname="com.deskgoblin.model.datastructures.SinglyLinkedListTest" time="0.0"/>
  <testcase name="testToString()" classname="com.deskgoblin.model.datastructures.SinglyLinkedListTest" time="0.001"/>
  <testcase name="testPopBack()" classname="com.deskgoblin.model.datastructures.SinglyLinkedListTest" time="0.0"/>
  <testcase name="testPopBackSingleElement()" classname="com.deskgoblin.model.datastructures.SinglyLinkedListTest" time="0.0"/>
  <testcase name="testContains()" classname="com.deskgoblin.model.datastructures.SinglyLinkedListTest" time="0.0"/>
  <testcase name="testPushFrontAndPeek()" classname="com.deskgoblin.model.datastructures.SinglyLinkedListTest" time="0.001"/>
  <testcase name="testPopEmptyList()" classname="com.deskgoblin.model.datastructures.SinglyLinkedListTest" time="0.0"/>
  <testcase name="testPopFront()" classname="com.deskgoblin.model.datastructures.SinglyLinkedListTest" time="0.001"/>
  <system-out><![CDATA[]]></system-out>
  <system-err><![CDATA[]]></system-err>
</testsuite>
