<?xml version="1.0" encoding="UTF-8"?>
<testsuite name="com.deskgoblin.model.datastructures.MaxHeapTest" tests="8" skipped="0" failures="0" errors="0" timestamp="2026-08-05T03:01:42" hostname="DESKTOP-FE9UO8M" time="0.018">
  <properties/>
  <testcase name="testSizeAndIsEmpty()" classname="com.deskgoblin.model.datastructures.MaxHeapTest" time="0.002"/>
  <testcase name="testDuplicateInserts()" classname="com.deskgoblin.model.datastructures.MaxHeapTest" time="0.005"/>
  <testcase name="testPeekMaxEmpty()" classname="com.deskgoblin.model.datastructures.MaxHeapTest" time="0.0"/>
  <testcase name="testInsertAndPeekMax()" classname="com.deskgoblin.model.datastructures.MaxHeapTest" time="0.001"/>
  <testcase name="testHeapSort()" classname="com.deskgoblin.model.datastructures.MaxHeapTest" time="0.003"/>
  <testcase name="testExtractMaxEmpty()" classname="com.deskgoblin.model.datastructures.MaxHeapTest" time="0.0"/>
  <testcase name="testExtractMax()" classname="com.deskgoblin.model.datastructures.MaxHeapTest" time="0.001"/>
  <testcase name="testResize()" classname="com.deskgoblin.model.datastructures.MaxHeapTest" time="0.002"/>
  <system-out><![CDATA[[MaxHeap] Heap criado com capacidade inicial de 10
[MaxHeap] insert: inserindo elemento 42
[MaxHeap] siftUp: ajustando elemento no índice 0
[MaxHeap] extractMax: removendo elemento máximo 42
[MaxHeap] Heap criado com capacidade inicial de 10
[MaxHeap] insert: inserindo elemento 10
[MaxHeap] siftUp: ajustando elemento no índice 0
[MaxHeap] insert: inserindo elemento 10
[MaxHeap] siftUp: ajustando elemento no índice 1
[MaxHeap] insert: inserindo elemento 5
[MaxHeap] siftUp: ajustando elemento no índice 2
[MaxHeap] extractMax: removendo elemento máximo 10
[MaxHeap] siftDown: ajustando elemento no índice 0
[MaxHeap] swap: trocando elementos nas posições 0 e 1
[MaxHeap] extractMax: removendo elemento máximo 10
[MaxHeap] siftDown: ajustando elemento no índice 0
[MaxHeap] extractMax: removendo elemento máximo 5
[MaxHeap] Heap criado com capacidade inicial de 10
[MaxHeap] Heap criado com capacidade inicial de 10
[MaxHeap] insert: inserindo elemento 10
[MaxHeap] siftUp: ajustando elemento no índice 0
[MaxHeap] insert: inserindo elemento 30
[MaxHeap] siftUp: ajustando elemento no índice 1
[MaxHeap] swap: trocando elementos nas posições 1 e 0
[MaxHeap] insert: inserindo elemento 20
[MaxHeap] siftUp: ajustando elemento no índice 2
[MaxHeap] Heap criado com capacidade inicial de 10
[MaxHeap] insert: inserindo elemento 3
[MaxHeap] siftUp: ajustando elemento no índice 0
[MaxHeap] insert: inserindo elemento 10
[MaxHeap] siftUp: ajustando elemento no índice 1
[MaxHeap] swap: trocando elementos nas posições 1 e 0
[MaxHeap] insert: inserindo elemento 5
[MaxHeap] siftUp: ajustando elemento no índice 2
[MaxHeap] insert: inserindo elemento 1
[MaxHeap] siftUp: ajustando elemento no índice 3
[MaxHeap] insert: inserindo elemento 8
[MaxHeap] siftUp: ajustando elemento no índice 4
[MaxHeap] swap: trocando elementos nas posições 4 e 1
[MaxHeap] heapSort: ordenando elementos (destruindo o heap).
[MaxHeap] extractMax: removendo elemento máximo 10
[MaxHeap] siftDown: ajustando elemento no índice 0
[MaxHeap] swap: trocando elementos nas posições 0 e 1
[MaxHeap] extractMax: removendo elemento máximo 8
[MaxHeap] siftDown: ajustando elemento no índice 0
[MaxHeap] swap: trocando elementos nas posições 0 e 2
[MaxHeap] extractMax: removendo elemento máximo 5
[MaxHeap] siftDown: ajustando elemento no índice 0
[MaxHeap] swap: trocando elementos nas posições 0 e 1
[MaxHeap] extractMax: removendo elemento máximo 3
[MaxHeap] siftDown: ajustando elemento no índice 0
[MaxHeap] extractMax: removendo elemento máximo 1
[MaxHeap] Heap criado com capacidade inicial de 10
[MaxHeap] extractMax: heap vazio.
[MaxHeap] Heap criado com capacidade inicial de 10
[MaxHeap] insert: inserindo elemento 15
[MaxHeap] siftUp: ajustando elemento no índice 0
[MaxHeap] insert: inserindo elemento 10
[MaxHeap] siftUp: ajustando elemento no índice 1
[MaxHeap] insert: inserindo elemento 25
[MaxHeap] siftUp: ajustando elemento no índice 2
[MaxHeap] swap: trocando elementos nas posições 2 e 0
[MaxHeap] insert: inserindo elemento 5
[MaxHeap] siftUp: ajustando elemento no índice 3
[MaxHeap] extractMax: removendo elemento máximo 25
[MaxHeap] siftDown: ajustando elemento no índice 0
[MaxHeap] swap: trocando elementos nas posições 0 e 2
[MaxHeap] extractMax: removendo elemento máximo 15
[MaxHeap] siftDown: ajustando elemento no índice 0
[MaxHeap] swap: trocando elementos nas posições 0 e 1
[MaxHeap] extractMax: removendo elemento máximo 10
[MaxHeap] siftDown: ajustando elemento no índice 0
[MaxHeap] extractMax: removendo elemento máximo 5
[MaxHeap] extractMax: heap vazio.
[MaxHeap] Heap criado com capacidade inicial de 10
[MaxHeap] insert: inserindo elemento 0
[MaxHeap] siftUp: ajustando elemento no índice 0
[MaxHeap] insert: inserindo elemento 1
[MaxHeap] siftUp: ajustando elemento no índice 1
[MaxHeap] swap: trocando elementos nas posições 1 e 0
[MaxHeap] insert: inserindo elemento 2
[MaxHeap] siftUp: ajustando elemento no índice 2
[MaxHeap] swap: trocando elementos nas posições 2 e 0
[MaxHeap] insert: inserindo elemento 3
[MaxHeap] siftUp: ajustando elemento no índice 3
[MaxHeap] swap: trocando elementos nas posições 3 e 1
[MaxHeap] swap: trocando elementos nas posições 1 e 0
[MaxHeap] insert: inserindo elemento 4
[MaxHeap] siftUp: ajustando elemento no índice 4
[MaxHeap] swap: trocando elementos nas posições 4 e 1
[MaxHeap] swap: trocando elementos nas posições 1 e 0
[MaxHeap] insert: inserindo elemento 5
[MaxHeap] siftUp: ajustando elemento no índice 5
[MaxHeap] swap: trocando elementos nas posições 5 e 2
[MaxHeap] swap: trocando elementos nas posições 2 e 0
[MaxHeap] insert: inserindo elemento 6
[MaxHeap] siftUp: ajustando elemento no índice 6
[MaxHeap] swap: trocando elementos nas posições 6 e 2
[MaxHeap] swap: trocando elementos nas posições 2 e 0
[MaxHeap] insert: inserindo elemento 7
[MaxHeap] siftUp: ajustando elemento no índice 7
[MaxHeap] swap: trocando elementos nas posições 7 e 3
[MaxHeap] swap: trocando elementos nas posições 3 e 1
[MaxHeap] swap: trocando elementos nas posições 1 e 0
[MaxHeap] insert: inserindo elemento 8
[MaxHeap] siftUp: ajustando elemento no índice 8
[MaxHeap] swap: trocando elementos nas posições 8 e 3
[MaxHeap] swap: trocando elementos nas posições 3 e 1
[MaxHeap] swap: trocando elementos nas posições 1 e 0
[MaxHeap] insert: inserindo elemento 9
[MaxHeap] siftUp: ajustando elemento no índice 9
[MaxHeap] swap: trocando elementos nas posições 9 e 4
[MaxHeap] swap: trocando elementos nas posições 4 e 1
[MaxHeap] swap: trocando elementos nas posições 1 e 0
[MaxHeap] insert: inserindo elemento 10
[MaxHeap] siftUp: ajustando elemento no índice 10
[MaxHeap] swap: trocando elementos nas posições 10 e 4
[MaxHeap] swap: trocando elementos nas posições 4 e 1
[MaxHeap] swap: trocando elementos nas posições 1 e 0
[MaxHeap] insert: inserindo elemento 11
[MaxHeap] siftUp: ajustando elemento no índice 11
[MaxHeap] swap: trocando elementos nas posições 11 e 5
[MaxHeap] swap: trocando elementos nas posições 5 e 2
[MaxHeap] swap: trocando elementos nas posições 2 e 0
[MaxHeap] insert: inserindo elemento 12
[MaxHeap] siftUp: ajustando elemento no índice 12
[MaxHeap] swap: trocando elementos nas posições 12 e 5
[MaxHeap] swap: trocando elementos nas posições 5 e 2
[MaxHeap] swap: trocando elementos nas posições 2 e 0
[MaxHeap] insert: inserindo elemento 13
[MaxHeap] siftUp: ajustando elemento no índice 13
[MaxHeap] swap: trocando elementos nas posições 13 e 6
[MaxHeap] swap: trocando elementos nas posições 6 e 2
[MaxHeap] swap: trocando elementos nas posições 2 e 0
[MaxHeap] insert: inserindo elemento 14
[MaxHeap] siftUp: ajustando elemento no índice 14
[MaxHeap] swap: trocando elementos nas posições 14 e 6
[MaxHeap] swap: trocando elementos nas posições 6 e 2
[MaxHeap] swap: trocando elementos nas posições 2 e 0
[MaxHeap] insert: inserindo elemento 15
[MaxHeap] siftUp: ajustando elemento no índice 15
[MaxHeap] swap: trocando elementos nas posições 15 e 7
[MaxHeap] swap: trocando elementos nas posições 7 e 3
[MaxHeap] swap: trocando elementos nas posições 3 e 1
[MaxHeap] swap: trocando elementos nas posições 1 e 0
[MaxHeap] insert: inserindo elemento 16
[MaxHeap] siftUp: ajustando elemento no índice 16
[MaxHeap] swap: trocando elementos nas posições 16 e 7
[MaxHeap] swap: trocando elementos nas posições 7 e 3
[MaxHeap] swap: trocando elementos nas posições 3 e 1
[MaxHeap] swap: trocando elementos nas posições 1 e 0
[MaxHeap] insert: inserindo elemento 17
[MaxHeap] siftUp: ajustando elemento no índice 17
[MaxHeap] swap: trocando elementos nas posições 17 e 8
[MaxHeap] swap: trocando elementos nas posições 8 e 3
[MaxHeap] swap: trocando elementos nas posições 3 e 1
[MaxHeap] swap: trocando elementos nas posições 1 e 0
[MaxHeap] insert: inserindo elemento 18
[MaxHeap] siftUp: ajustando elemento no índice 18
[MaxHeap] swap: trocando elementos nas posições 18 e 8
[MaxHeap] swap: trocando elementos nas posições 8 e 3
[MaxHeap] swap: trocando elementos nas posições 3 e 1
[MaxHeap] swap: trocando elementos nas posições 1 e 0
[MaxHeap] insert: inserindo elemento 19
[MaxHeap] siftUp: ajustando elemento no índice 19
[MaxHeap] swap: trocando elementos nas posições 19 e 9
[MaxHeap] swap: trocando elementos nas posições 9 e 4
[MaxHeap] swap: trocando elementos nas posições 4 e 1
[MaxHeap] swap: trocando elementos nas posições 1 e 0
]]></system-out>
  <system-err><![CDATA[]]></system-err>
</testsuite>
