<?xml version="1.0" encoding="UTF-8"?>
<testsuite name="com.deskgoblin.model.entities.BedTest" tests="7" skipped="0" failures="0" errors="0" timestamp="2026-08-05T03:01:42" hostname="DESKTOP-FE9UO8M" time="0.005">
  <properties/>
  <testcase name="testToStringOccupied()" classname="com.deskgoblin.model.entities.BedTest" time="0.001"/>
  <testcase name="testGetId()" classname="com.deskgoblin.model.entities.BedTest" time="0.001"/>
  <testcase name="testClearPatient()" classname="com.deskgoblin.model.entities.BedTest" time="0.001"/>
  <testcase name="testNewBedIsUnoccupied()" classname="com.deskgoblin.model.entities.BedTest" time="0.0"/>
  <testcase name="testIsOccupiedAfterAssignment()" classname="com.deskgoblin.model.entities.BedTest" time="0.0"/>
  <testcase name="testToStringFree()" classname="com.deskgoblin.model.entities.BedTest" time="0.001"/>
  <testcase name="testSetAndGetPatient()" classname="com.deskgoblin.model.entities.BedTest" time="0.0"/>
  <system-out><![CDATA[]]></system-out>
  <system-err><![CDATA[]]></system-err>
</testsuite>
