<?xml version="1.0" encoding="UTF-8"?>
<testsuite name="com.deskgoblin.model.entities.MedicalProcessTest" tests="9" skipped="0" failures="0" errors="0" timestamp="2026-08-05T03:01:42" hostname="DESKTOP-FE9UO8M" time="0.007">
  <properties/>
  <testcase name="testGetStageCount()" classname="com.deskgoblin.model.entities.MedicalProcessTest" time="0.001"/>
  <testcase name="testGetStageName()" classname="com.deskgoblin.model.entities.MedicalProcessTest" time="0.0"/>
  <testcase name="testUpdateAdvancesStage()" classname="com.deskgoblin.model.entities.MedicalProcessTest" time="0.0"/>
  <testcase name="testPartialUpdate()" classname="com.deskgoblin.model.entities.MedicalProcessTest" time="0.001"/>
  <testcase name="testGetPatientAndBed()" classname="com.deskgoblin.model.entities.MedicalProcessTest" time="0.001"/>
  <testcase name="testAllStagesComplete()" classname="com.deskgoblin.model.entities.MedicalProcessTest" time="0.0"/>
  <testcase name="testMultipleSmallUpdates()" classname="com.deskgoblin.model.entities.MedicalProcessTest" time="0.0"/>
  <testcase name="testGetTotalTimeRemainingDecrements()" classname="com.deskgoblin.model.entities.MedicalProcessTest" time="0.001"/>
  <testcase name="testInitialState()" classname="com.deskgoblin.model.entities.MedicalProcessTest" time="0.0"/>
  <system-out><![CDATA[]]></system-out>
  <system-err><![CDATA[]]></system-err>
</testsuite>
