<?xml version="1.0" encoding="UTF-8"?>
<testsuite name="com.deskgoblin.model.HospitalManagerTest" tests="12" skipped="0" failures="0" errors="0" timestamp="2026-08-05T03:01:42" hostname="DESKTOP-FE9UO8M" time="0.09">
  <properties/>
  <testcase name="testUpdateMedicalProcessesFinishes()" classname="com.deskgoblin.model.HospitalManagerTest" time="0.052"/>
  <testcase name="testGetPatientRecordNotFound()" classname="com.deskgoblin.model.HospitalManagerTest" time="0.002"/>
  <testcase name="testPatientQueuePriority()" classname="com.deskgoblin.model.HospitalManagerTest" time="0.006"/>
  <testcase name="testAssignPatientToBed()" classname="com.deskgoblin.model.HospitalManagerTest" time="0.003"/>
  <testcase name="testRemoveFromEmptyBed()" classname="com.deskgoblin.model.HospitalManagerTest" time="0.003"/>
  <testcase name="testRemovePatientFromBed()" classname="com.deskgoblin.model.HospitalManagerTest" time="0.002"/>
  <testcase name="testAssignToInvalidBed()" classname="com.deskgoblin.model.HospitalManagerTest" time="0.002"/>
  <testcase name="testGetPatientQueueSnapshotPreservesQueue()" classname="com.deskgoblin.model.HospitalManagerTest" time="0.002"/>
  <testcase name="testUpdateMedicalProcessesNotFinished()" classname="com.deskgoblin.model.HospitalManagerTest" time="0.002"/>
  <testcase name="testGetBed()" classname="com.deskgoblin.model.HospitalManagerTest" time="0.002"/>
  <testcase name="testAssignToOccupiedBed()" classname="com.deskgoblin.model.HospitalManagerTest" time="0.003"/>
  <testcase name="testRegisterAndRetrievePatient()" classname="com.deskgoblin.model.HospitalManagerTest" time="0.002"/>
  <system-out><![CDATA[[HashTable] Tabela criada com capacidade 16
[HashTable] put: inserindo/atualizando chave M1
[HashTable] put: inserindo/atualizando chave M2
[HashTable] put: inserindo/atualizando chave M3
[HashTable] put: inserindo/atualizando chave M4
[HashTable] put: inserindo/atualizando chave M5
[HashTable] put: inserindo/atualizando chave M6
[HashTable] put: inserindo/atualizando chave M7
[HashTable] put: inserindo/atualizando chave M8
[HashTable] put: inserindo/atualizando chave M9
[HashTable] put: inserindo/atualizando chave M10
[HashTable] put: colisão resolvida no índice 12 para a chave M10
[HashTable] put: inserindo/atualizando chave M11
[HashTable] put: inserindo/atualizando chave M12
[AVL] insert: inserindo chave P1
[AVL] insert: chave P1 inserida com sucesso.
[Manager] Paciente registrado na AVL e adicionado à fila: João
[Manager] Paciente João associado a maca M1
[Manager] Processo médico concluído para: João
[HashTable] Tabela criada com capacidade 16
[HashTable] put: inserindo/atualizando chave M1
[HashTable] put: inserindo/atualizando chave M2
[HashTable] put: inserindo/atualizando chave M3
[HashTable] put: inserindo/atualizando chave M4
[HashTable] put: inserindo/atualizando chave M5
[HashTable] put: inserindo/atualizando chave M6
[HashTable] put: inserindo/atualizando chave M7
[HashTable] put: inserindo/atualizando chave M8
[HashTable] put: inserindo/atualizando chave M9
[HashTable] put: inserindo/atualizando chave M10
[HashTable] put: colisão resolvida no índice 12 para a chave M10
[HashTable] put: inserindo/atualizando chave M11
[HashTable] put: inserindo/atualizando chave M12
[HashTable] Tabela criada com capacidade 16
[HashTable] put: inserindo/atualizando chave M1
[HashTable] put: inserindo/atualizando chave M2
[HashTable] put: inserindo/atualizando chave M3
[HashTable] put: inserindo/atualizando chave M4
[HashTable] put: inserindo/atualizando chave M5
[HashTable] put: inserindo/atualizando chave M6
[HashTable] put: inserindo/atualizando chave M7
[HashTable] put: inserindo/atualizando chave M8
[HashTable] put: inserindo/atualizando chave M9
[HashTable] put: inserindo/atualizando chave M10
[HashTable] put: colisão resolvida no índice 12 para a chave M10
[HashTable] put: inserindo/atualizando chave M11
[HashTable] put: inserindo/atualizando chave M12
[AVL] insert: inserindo chave P1
[AVL] insert: chave P1 inserida com sucesso.
[Manager] Paciente registrado na AVL e adicionado à fila: Ana
[AVL] insert: inserindo chave P2
[AVL] insert: chave P2 inserida com sucesso.
[Manager] Paciente registrado na AVL e adicionado à fila: Carlos
[AVL] insert: inserindo chave P3
[AVL] rebalance: nó P1 desbalanceado para a direita (fator -2).
[AVL] rotateLeft: realizando rotação à ESQUERDA no nó P1
[AVL] insert: chave P3 inserida com sucesso.
[Manager] Paciente registrado na AVL e adicionado à fila: Beto
[HashTable] Tabela criada com capacidade 16
[HashTable] put: inserindo/atualizando chave M1
[HashTable] put: inserindo/atualizando chave M2
[HashTable] put: inserindo/atualizando chave M3
[HashTable] put: inserindo/atualizando chave M4
[HashTable] put: inserindo/atualizando chave M5
[HashTable] put: inserindo/atualizando chave M6
[HashTable] put: inserindo/atualizando chave M7
[HashTable] put: inserindo/atualizando chave M8
[HashTable] put: inserindo/atualizando chave M9
[HashTable] put: inserindo/atualizando chave M10
[HashTable] put: colisão resolvida no índice 12 para a chave M10
[HashTable] put: inserindo/atualizando chave M11
[HashTable] put: inserindo/atualizando chave M12
[AVL] insert: inserindo chave P1
[AVL] insert: chave P1 inserida com sucesso.
[Manager] Paciente registrado na AVL e adicionado à fila: João
[Manager] Paciente João associado a maca M1
[HashTable] Tabela criada com capacidade 16
[HashTable] put: inserindo/atualizando chave M1
[HashTable] put: inserindo/atualizando chave M2
[HashTable] put: inserindo/atualizando chave M3
[HashTable] put: inserindo/atualizando chave M4
[HashTable] put: inserindo/atualizando chave M5
[HashTable] put: inserindo/atualizando chave M6
[HashTable] put: inserindo/atualizando chave M7
[HashTable] put: inserindo/atualizando chave M8
[HashTable] put: inserindo/atualizando chave M9
[HashTable] put: inserindo/atualizando chave M10
[HashTable] put: colisão resolvida no índice 12 para a chave M10
[HashTable] put: inserindo/atualizando chave M11
[HashTable] put: inserindo/atualizando chave M12
[HashTable] Tabela criada com capacidade 16
[HashTable] put: inserindo/atualizando chave M1
[HashTable] put: inserindo/atualizando chave M2
[HashTable] put: inserindo/atualizando chave M3
[HashTable] put: inserindo/atualizando chave M4
[HashTable] put: inserindo/atualizando chave M5
[HashTable] put: inserindo/atualizando chave M6
[HashTable] put: inserindo/atualizando chave M7
[HashTable] put: inserindo/atualizando chave M8
[HashTable] put: inserindo/atualizando chave M9
[HashTable] put: inserindo/atualizando chave M10
[HashTable] put: colisão resolvida no índice 12 para a chave M10
[HashTable] put: inserindo/atualizando chave M11
[HashTable] put: inserindo/atualizando chave M12
[AVL] insert: inserindo chave P1
[AVL] insert: chave P1 inserida com sucesso.
[Manager] Paciente registrado na AVL e adicionado à fila: João
[Manager] Paciente João associado a maca M1
[Manager] Paciente João retirado da maca M1
[HashTable] Tabela criada com capacidade 16
[HashTable] put: inserindo/atualizando chave M1
[HashTable] put: inserindo/atualizando chave M2
[HashTable] put: inserindo/atualizando chave M3
[HashTable] put: inserindo/atualizando chave M4
[HashTable] put: inserindo/atualizando chave M5
[HashTable] put: inserindo/atualizando chave M6
[HashTable] put: inserindo/atualizando chave M7
[HashTable] put: inserindo/atualizando chave M8
[HashTable] put: inserindo/atualizando chave M9
[HashTable] put: inserindo/atualizando chave M10
[HashTable] put: colisão resolvida no índice 12 para a chave M10
[HashTable] put: inserindo/atualizando chave M11
[HashTable] put: inserindo/atualizando chave M12
[AVL] insert: inserindo chave P1
[AVL] insert: chave P1 inserida com sucesso.
[Manager] Paciente registrado na AVL e adicionado à fila: João
[Manager] Falha ao associar paciente João a maca M99
[HashTable] Tabela criada com capacidade 16
[HashTable] put: inserindo/atualizando chave M1
[HashTable] put: inserindo/atualizando chave M2
[HashTable] put: inserindo/atualizando chave M3
[HashTable] put: inserindo/atualizando chave M4
[HashTable] put: inserindo/atualizando chave M5
[HashTable] put: inserindo/atualizando chave M6
[HashTable] put: inserindo/atualizando chave M7
[HashTable] put: inserindo/atualizando chave M8
[HashTable] put: inserindo/atualizando chave M9
[HashTable] put: inserindo/atualizando chave M10
[HashTable] put: colisão resolvida no índice 12 para a chave M10
[HashTable] put: inserindo/atualizando chave M11
[HashTable] put: inserindo/atualizando chave M12
[AVL] insert: inserindo chave P1
[AVL] insert: chave P1 inserida com sucesso.
[Manager] Paciente registrado na AVL e adicionado à fila: João
[HashTable] Tabela criada com capacidade 16
[HashTable] put: inserindo/atualizando chave M1
[HashTable] put: inserindo/atualizando chave M2
[HashTable] put: inserindo/atualizando chave M3
[HashTable] put: inserindo/atualizando chave M4
[HashTable] put: inserindo/atualizando chave M5
[HashTable] put: inserindo/atualizando chave M6
[HashTable] put: inserindo/atualizando chave M7
[HashTable] put: inserindo/atualizando chave M8
[HashTable] put: inserindo/atualizando chave M9
[HashTable] put: inserindo/atualizando chave M10
[HashTable] put: colisão resolvida no índice 12 para a chave M10
[HashTable] put: inserindo/atualizando chave M11
[HashTable] put: inserindo/atualizando chave M12
[AVL] insert: inserindo chave P1
[AVL] insert: chave P1 inserida com sucesso.
[Manager] Paciente registrado na AVL e adicionado à fila: João
[Manager] Paciente João associado a maca M1
[HashTable] Tabela criada com capacidade 16
[HashTable] put: inserindo/atualizando chave M1
[HashTable] put: inserindo/atualizando chave M2
[HashTable] put: inserindo/atualizando chave M3
[HashTable] put: inserindo/atualizando chave M4
[HashTable] put: inserindo/atualizando chave M5
[HashTable] put: inserindo/atualizando chave M6
[HashTable] put: inserindo/atualizando chave M7
[HashTable] put: inserindo/atualizando chave M8
[HashTable] put: inserindo/atualizando chave M9
[HashTable] put: inserindo/atualizando chave M10
[HashTable] put: colisão resolvida no índice 12 para a chave M10
[HashTable] put: inserindo/atualizando chave M11
[HashTable] put: inserindo/atualizando chave M12
[HashTable] Tabela criada com capacidade 16
[HashTable] put: inserindo/atualizando chave M1
[HashTable] put: inserindo/atualizando chave M2
[HashTable] put: inserindo/atualizando chave M3
[HashTable] put: inserindo/atualizando chave M4
[HashTable] put: inserindo/atualizando chave M5
[HashTable] put: inserindo/atualizando chave M6
[HashTable] put: inserindo/atualizando chave M7
[HashTable] put: inserindo/atualizando chave M8
[HashTable] put: inserindo/atualizando chave M9
[HashTable] put: inserindo/atualizando chave M10
[HashTable] put: colisão resolvida no índice 12 para a chave M10
[HashTable] put: inserindo/atualizando chave M11
[HashTable] put: inserindo/atualizando chave M12
[AVL] insert: inserindo chave P1
[AVL] insert: chave P1 inserida com sucesso.
[Manager] Paciente registrado na AVL e adicionado à fila: João
[AVL] insert: inserindo chave P2
[AVL] insert: chave P2 inserida com sucesso.
[Manager] Paciente registrado na AVL e adicionado à fila: Ana
[Manager] Paciente Ana associado a maca M1
[Manager] Falha ao associar paciente João a maca M1
[HashTable] Tabela criada com capacidade 16
[HashTable] put: inserindo/atualizando chave M1
[HashTable] put: inserindo/atualizando chave M2
[HashTable] put: inserindo/atualizando chave M3
[HashTable] put: inserindo/atualizando chave M4
[HashTable] put: inserindo/atualizando chave M5
[HashTable] put: inserindo/atualizando chave M6
[HashTable] put: inserindo/atualizando chave M7
[HashTable] put: inserindo/atualizando chave M8
[HashTable] put: inserindo/atualizando chave M9
[HashTable] put: inserindo/atualizando chave M10
[HashTable] put: colisão resolvida no índice 12 para a chave M10
[HashTable] put: inserindo/atualizando chave M11
[HashTable] put: inserindo/atualizando chave M12
[AVL] insert: inserindo chave P1
[AVL] insert: chave P1 inserida com sucesso.
[Manager] Paciente registrado na AVL e adicionado à fila: João
]]></system-out>
  <system-err><![CDATA[]]></system-err>
</testsuite>
