<?xml version="1.0" encoding="UTF-8"?>
<testsuite name="com.deskgoblin.model.datastructures.AVLTreeTest" tests="12" skipped="0" failures="0" errors="0" timestamp="2026-08-01T02:34:21" hostname="DESKTOP-FE9UO8M" time="0.06">
  <properties/>
  <testcase name="testLeftRightRotation()" classname="com.deskgoblin.model.datastructures.AVLTreeTest" time="0.029"/>
  <testcase name="testInsertAndSearch()" classname="com.deskgoblin.model.datastructures.AVLTreeTest" time="0.002"/>
  <testcase name="testSizeAndIsEmpty()" classname="com.deskgoblin.model.datastructures.AVLTreeTest" time="0.004"/>
  <testcase name="testDeleteNonExistent()" classname="com.deskgoblin.model.datastructures.AVLTreeTest" time="0.001"/>
  <testcase name="testUpdateExistingKey()" classname="com.deskgoblin.model.datastructures.AVLTreeTest" time="0.001"/>
  <testcase name="testLeftRotation()" classname="com.deskgoblin.model.datastructures.AVLTreeTest" time="0.003"/>
  <testcase name="testInOrderTraversal()" classname="com.deskgoblin.model.datastructures.AVLTreeTest" time="0.002"/>
  <testcase name="testRightRotation()" classname="com.deskgoblin.model.datastructures.AVLTreeTest" time="0.001"/>
  <testcase name="testDeleteNodeWithTwoChildren()" classname="com.deskgoblin.model.datastructures.AVLTreeTest" time="0.002"/>
  <testcase name="testDeleteLeaf()" classname="com.deskgoblin.model.datastructures.AVLTreeTest" time="0.001"/>
  <testcase name="testDeleteNodeWithOneChild()" classname="com.deskgoblin.model.datastructures.AVLTreeTest" time="0.002"/>
  <testcase name="testRightLeftRotation()" classname="com.deskgoblin.model.datastructures.AVLTreeTest" time="0.001"/>
  <system-out><![CDATA[[AVL] Árvore criada.
[AVL] insert: inserindo chave 30
[AVL] insert: chave 30 inserida com sucesso.
[AVL] insert: inserindo chave 10
[AVL] insert: chave 10 inserida com sucesso.
[AVL] insert: inserindo chave 20
[AVL] rebalance: nó 30 desbalanceado para a esquerda (fator 2).
[AVL] rotateLeft: realizando rotação à ESQUERDA no nó 10
[AVL] rotateRight: realizando rotação à DIREITA no nó 30
[AVL] insert: chave 20 inserida com sucesso.
[AVL] search: buscando chave 20
[AVL] search: chave 20 encontrada.
[AVL] Árvore criada.
[AVL] insert: inserindo chave 10
[AVL] insert: chave 10 inserida com sucesso.
[AVL] search: buscando chave 10
[AVL] search: chave 10 encontrada.
[AVL] search: buscando chave 20
[AVL] search: chave 20 não encontrada.
[AVL] Árvore criada.
[AVL] size: 0
[AVL] insert: inserindo chave 1
[AVL] insert: chave 1 inserida com sucesso.
[AVL] size: 1
[AVL] delete: tentando remover chave 1
[AVL] delete: chave 1 removida.
[AVL] size: 0
[AVL] Árvore criada.
[AVL] insert: inserindo chave 10
[AVL] insert: chave 10 inserida com sucesso.
[AVL] delete: tentando remover chave 99
[AVL] delete: chave 99 não encontrada para remoção.
[AVL] size: 1
[AVL] Árvore criada.
[AVL] insert: inserindo chave 5
[AVL] insert: chave 5 inserida com sucesso.
[AVL] insert: inserindo chave 5
[AVL] insert: chave 5 atualizada.
[AVL] search: buscando chave 5
[AVL] search: chave 5 encontrada.
[AVL] size: 1
[AVL] Árvore criada.
[AVL] insert: inserindo chave 10
[AVL] insert: chave 10 inserida com sucesso.
[AVL] insert: inserindo chave 20
[AVL] insert: chave 20 inserida com sucesso.
[AVL] insert: inserindo chave 30
[AVL] rebalance: nó 10 desbalanceado para a direita (fator -2).
[AVL] rotateLeft: realizando rotação à ESQUERDA no nó 10
[AVL] insert: chave 30 inserida com sucesso.
[AVL] inOrder: gerando travessia em ordem.
[LinkedList] Lista criada.
[LinkedList] pushBack: adicionado Dez no final.
[LinkedList] pushBack: adicionado Vinte no final.
[LinkedList] pushBack: adicionado Trinta no final.
[LinkedList] popFront: removido Dez do início.
[LinkedList] popFront: removido Vinte do início.
[LinkedList] popFront: removido Trinta do início.
[AVL] Árvore criada.
[AVL] insert: inserindo chave 50
[AVL] insert: chave 50 inserida com sucesso.
[AVL] insert: inserindo chave 30
[AVL] insert: chave 30 inserida com sucesso.
[AVL] insert: inserindo chave 70
[AVL] insert: chave 70 inserida com sucesso.
[AVL] insert: inserindo chave 20
[AVL] insert: chave 20 inserida com sucesso.
[AVL] insert: inserindo chave 40
[AVL] insert: chave 40 inserida com sucesso.
[AVL] inOrder: gerando travessia em ordem.
[LinkedList] Lista criada.
[LinkedList] pushBack: adicionado Vinte no final.
[LinkedList] pushBack: adicionado Trinta no final.
[LinkedList] pushBack: adicionado Quarenta no final.
[LinkedList] pushBack: adicionado Cinquenta no final.
[LinkedList] pushBack: adicionado Setenta no final.
[LinkedList] popFront: removido Vinte do início.
[LinkedList] popFront: removido Trinta do início.
[LinkedList] popFront: removido Quarenta do início.
[LinkedList] popFront: removido Cinquenta do início.
[LinkedList] popFront: removido Setenta do início.
[AVL] Árvore criada.
[AVL] insert: inserindo chave 30
[AVL] insert: chave 30 inserida com sucesso.
[AVL] insert: inserindo chave 20
[AVL] insert: chave 20 inserida com sucesso.
[AVL] insert: inserindo chave 10
[AVL] rebalance: nó 30 desbalanceado para a esquerda (fator 2).
[AVL] rotateRight: realizando rotação à DIREITA no nó 30
[AVL] insert: chave 10 inserida com sucesso.
[AVL] inOrder: gerando travessia em ordem.
[LinkedList] Lista criada.
[LinkedList] pushBack: adicionado Dez no final.
[LinkedList] pushBack: adicionado Vinte no final.
[LinkedList] pushBack: adicionado Trinta no final.
[LinkedList] popFront: removido Dez do início.
[LinkedList] popFront: removido Vinte do início.
[LinkedList] popFront: removido Trinta do início.
[AVL] Árvore criada.
[AVL] insert: inserindo chave 10
[AVL] insert: chave 10 inserida com sucesso.
[AVL] insert: inserindo chave 5
[AVL] insert: chave 5 inserida com sucesso.
[AVL] insert: inserindo chave 15
[AVL] insert: chave 15 inserida com sucesso.
[AVL] insert: inserindo chave 12
[AVL] insert: chave 12 inserida com sucesso.
[AVL] insert: inserindo chave 17
[AVL] insert: chave 17 inserida com sucesso.
[AVL] delete: tentando remover chave 15
[AVL] delete: chave 15 removida.
[AVL] search: buscando chave 15
[AVL] search: chave 15 não encontrada.
[AVL] search: buscando chave 12
[AVL] search: chave 12 encontrada.
[AVL] search: buscando chave 17
[AVL] search: chave 17 encontrada.
[AVL] size: 4
[AVL] Árvore criada.
[AVL] insert: inserindo chave 10
[AVL] insert: chave 10 inserida com sucesso.
[AVL] delete: tentando remover chave 10
[AVL] delete: chave 10 removida.
[AVL] search: buscando chave 10
[AVL] search: chave 10 não encontrada.
[AVL] size: 0
[AVL] Árvore criada.
[AVL] insert: inserindo chave 10
[AVL] insert: chave 10 inserida com sucesso.
[AVL] insert: inserindo chave 5
[AVL] insert: chave 5 inserida com sucesso.
[AVL] delete: tentando remover chave 10
[AVL] delete: chave 10 removida.
[AVL] search: buscando chave 5
[AVL] search: chave 5 encontrada.
[AVL] size: 1
[AVL] Árvore criada.
[AVL] insert: inserindo chave 10
[AVL] insert: chave 10 inserida com sucesso.
[AVL] insert: inserindo chave 30
[AVL] insert: chave 30 inserida com sucesso.
[AVL] insert: inserindo chave 20
[AVL] rebalance: nó 10 desbalanceado para a direita (fator -2).
[AVL] rotateRight: realizando rotação à DIREITA no nó 30
[AVL] rotateLeft: realizando rotação à ESQUERDA no nó 10
[AVL] insert: chave 20 inserida com sucesso.
[AVL] search: buscando chave 20
[AVL] search: chave 20 encontrada.
]]></system-out>
  <system-err><![CDATA[]]></system-err>
</testsuite>
